# JRE version: Java(TM) SE Runtime Environment (8.0_65-b17) (build 1.8.0_65-b17)
# Java VM: Java HotSpot(TM) 64-Bit Server VM (25.65-b01 mixed mode windows-amd64 compressed oops)
Heap:
 PSYoungGen      total 216064K, used 23503K [0x0000000780100000, 0x000000079a700000, 0x00000007c0000000)
  eden space 196608K, 11% used [0x0000000780100000,0x000000078177b5c8,0x000000078c100000)
  from space 19456K, 2% used [0x000000078c100000,0x000000078c1786d0,0x000000078d400000)
  to   space 19456K, 0% used [0x0000000799400000,0x0000000799400000,0x000000079a700000)
 ParOldGen       total 131072K, used 17617K [0x0000000700200000, 0x0000000708200000, 0x0000000780100000)
  object space 131072K, 13% used [0x0000000700200000,0x0000000701334690,0x0000000708200000)
 Metaspace       used 10261K, capacity 10446K, committed 10624K, reserved 1058816K
  class space    used 1206K, capacity 1285K, committed 1408K, reserved 1048576K
GC Heap History (10 events):
Event: 2.242 GC heap before
{Heap before GC invocations=3 (full 0):
 PSYoungGen      total 57344K, used 54117K [0x0000000780100000, 0x0000000787100000, 0x00000007c0000000)
  eden space 49152K, 100% used [0x0000000780100000,0x0000000783100000,0x0000000783100000)
  from space 8192K, 60% used [0x0000000783900000,0x0000000783dd94f0,0x0000000784100000)
  to   space 8192K, 0% used [0x0000000783100000,0x0000000783100000,0x0000000783900000)
 ParOldGen       total 131072K, used 12704K [0x0000000700200000, 0x0000000708200000, 0x0000000780100000)
  object space 131072K, 9% used [0x0000000700200000,0x0000000700e68140,0x0000000708200000)
 Metaspace       used 10058K, capacity 10218K, committed 10496K, reserved 1058816K
  class space    used 1188K, capacity 1253K, committed 1280K, reserved 1048576K
Event: 2.245 GC heap after
Heap after GC invocations=3 (full 0):
 PSYoungGen      total 57344K, used 4981K [0x0000000780100000, 0x0000000787100000, 0x00000007c0000000)
  eden space 49152K, 0% used [0x0000000780100000,0x0000000780100000,0x0000000783100000)
  from space 8192K, 60% used [0x0000000783100000,0x00000007835dd500,0x0000000783900000)
  to   space 8192K, 0% used [0x0000000786900000,0x0000000786900000,0x0000000787100000)
 ParOldGen       total 131072K, used 12712K [0x0000000700200000, 0x0000000708200000, 0x0000000780100000)
  object space 131072K, 9% used [0x0000000700200000,0x0000000700e6a140,0x0000000708200000)
 Metaspace       used 10058K, capacity 10218K, committed 10496K, reserved 1058816K
  class space    used 1188K, capacity 1253K, committed 1280K, reserved 1048576K
}
Event: 2.315 GC heap before
{Heap before GC invocations=4 (full 0):
 PSYoungGen      total 57344K, used 54133K [0x0000000780100000, 0x0000000787100000, 0x00000007c0000000)
  eden space 49152K, 100% used [0x0000000780100000,0x0000000783100000,0x0000000783100000)
  from space 8192K, 60% used [0x0000000783100000,0x00000007835dd500,0x0000000783900000)
  to   space 8192K, 0% used [0x0000000786900000,0x0000000786900000,0x0000000787100000)
 ParOldGen       total 131072K, used 12712K [0x0000000700200000, 0x0000000708200000, 0x0000000780100000)
  object space 131072K, 9% used [0x0000000700200000,0x0000000700e6a140,0x0000000708200000)
 Metaspace       used 10058K, capacity 10218K, committed 10496K, reserved 1058816K
  class space    used 1188K, capacity 1253K, committed 1280K, reserved 1048576K
Event: 2.318 GC heap after
Heap after GC invocations=4 (full 0):
 PSYoungGen      total 106496K, used 5027K [0x0000000780100000, 0x0000000787100000, 0x00000007c0000000)
  eden space 98304K, 0% used [0x0000000780100000,0x0000000780100000,0x0000000786100000)
  from space 8192K, 61% used [0x0000000786900000,0x0000000786de8da0,0x0000000787100000)
  to   space 8192K, 0% used [0x0000000786100000,0x0000000786100000,0x0000000786900000)
 ParOldGen       total 131072K, used 12712K [0x0000000700200000, 0x0000000708200000, 0x0000000780100000)
  object space 131072K, 9% used [0x0000000700200000,0x0000000700e6a140,0x0000000708200000)
 Metaspace       used 10058K, capacity 10218K, committed 10496K, reserved 1058816K
  class space    used 1188K, capacity 1253K, committed 1280K, reserved 1048576K
}
Event: 2.355 GC heap before
{Heap before GC invocations=5 (full 0):
 PSYoungGen      total 106496K, used 103331K [0x0000000780100000, 0x0000000787100000, 0x00000007c0000000)
  eden space 98304K, 100% used [0x0000000780100000,0x0000000786100000,0x0000000786100000)
  from space 8192K, 61% used [0x0000000786900000,0x0000000786de8da0,0x0000000787100000)
  to   space 8192K, 0% used [0x0000000786100000,0x0000000786100000,0x0000000786900000)
 ParOldGen       total 131072K, used 12712K [0x0000000700200000, 0x0000000708200000, 0x0000000780100000)
  object space 131072K, 9% used [0x0000000700200000,0x0000000700e6a140,0x0000000708200000)
 Metaspace       used 10058K, capacity 10218K, committed 10496K, reserved 1058816K
  class space    used 1188K, capacity 1253K, committed 1280K, reserved 1048576K
Event: 2.360 GC heap after
Heap after GC invocations=5 (full 0):
 PSYoungGen      total 106496K, used 5123K [0x0000000780100000, 0x000000078e900000, 0x00000007c0000000)
  eden space 98304K, 0% used [0x0000000780100000,0x0000000780100000,0x0000000786100000)
  from space 8192K, 62% used [0x0000000786100000,0x0000000786600da0,0x0000000786900000)
  to   space 20480K, 0% used [0x000000078d500000,0x000000078d500000,0x000000078e900000)
 ParOldGen       total 131072K, used 12712K [0x0000000700200000, 0x0000000708200000, 0x0000000780100000)
  object space 131072K, 9% used [0x0000000700200000,0x0000000700e6a140,0x0000000708200000)
 Metaspace       used 10058K, capacity 10218K, committed 10496K, reserved 1058816K
  class space    used 1188K, capacity 1253K, committed 1280K, reserved 1048576K
}
Event: 2.381 GC heap before
{Heap before GC invocations=6 (full 0):
 PSYoungGen      total 106496K, used 103427K [0x0000000780100000, 0x000000078e900000, 0x00000007c0000000)
  eden space 98304K, 100% used [0x0000000780100000,0x0000000786100000,0x0000000786100000)
  from space 8192K, 62% used [0x0000000786100000,0x0000000786600da0,0x0000000786900000)
  to   space 20480K, 0% used [0x000000078d500000,0x000000078d500000,0x000000078e900000)
 ParOldGen       total 131072K, used 12712K [0x0000000700200000, 0x0000000708200000, 0x0000000780100000)
  object space 131072K, 9% used [0x0000000700200000,0x0000000700e6a140,0x0000000708200000)
 Metaspace       used 10058K, capacity 10218K, committed 10496K, reserved 1058816K
  class space    used 1188K, capacity 1253K, committed 1280K, reserved 1048576K
Event: 2.385 GC heap after
Heap after GC invocations=6 (full 0):
 PSYoungGen      total 215040K, used 5091K [0x0000000780100000, 0x000000078e700000, 0x00000007c0000000)
  eden space 196608K, 0% used [0x0000000780100000,0x0000000780100000,0x000000078c100000)
  from space 18432K, 27% used [0x000000078d500000,0x000000078d9f8da0,0x000000078e700000)
  to   space 19456K, 0% used [0x000000078c100000,0x000000078c100000,0x000000078d400000)
 ParOldGen       total 131072K, used 12712K [0x0000000700200000, 0x0000000708200000, 0x0000000780100000)
  object space 131072K, 9% used [0x0000000700200000,0x0000000700e6a140,0x0000000708200000)
 Metaspace       used 10058K, capacity 10218K, committed 10496K, reserved 1058816K
  class space    used 1188K, capacity 1253K, committed 1280K, reserved 1048576K
}
Event: 2.459 GC heap before
{Heap before GC invocations=7 (full 0):
 PSYoungGen      total 215040K, used 201699K [0x0000000780100000, 0x000000078e700000, 0x00000007c0000000)
  eden space 196608K, 100% used [0x0000000780100000,0x000000078c100000,0x000000078c100000)
  from space 18432K, 27% used [0x000000078d500000,0x000000078d9f8da0,0x000000078e700000)
  to   space 19456K, 0% used [0x000000078c100000,0x000000078c100000,0x000000078d400000)
 ParOldGen       total 131072K, used 12712K [0x0000000700200000, 0x0000000708200000, 0x0000000780100000)
  object space 131072K, 9% used [0x0000000700200000,0x0000000700e6a140,0x0000000708200000)
 Metaspace       used 10067K, capacity 10218K, committed 10496K, reserved 1058816K
  class space    used 1188K, capacity 1253K, committed 1280K, reserved 1048576K
Event: 2.462 GC heap after
Heap after GC invocations=7 (full 0):
 PSYoungGen      total 216064K, used 481K [0x0000000780100000, 0x000000079a700000, 0x00000007c0000000)
  eden space 196608K, 0% used [0x0000000780100000,0x0000000780100000,0x000000078c100000)
  from space 19456K, 2% used [0x000000078c100000,0x000000078c1786d0,0x000000078d400000)
  to   space 19456K, 0% used [0x0000000799400000,0x0000000799400000,0x000000079a700000)
 ParOldGen       total 131072K, used 17617K [0x0000000700200000, 0x0000000708200000, 0x0000000780100000)
  object space 131072K, 13% used [0x0000000700200000,0x0000000701334690,0x0000000708200000)
 Metaspace       used 10067K, capacity 10218K, committed 10496K, reserved 1058816K
  class space    used 1188K, capacity 1253K, committed 1280K, reserved 1048576K
}

